c:\users\xrejg\desktop\moja gra\moja gra\x64\debug\vc143.pdb
c:\users\xrejg\desktop\moja gra\moja gra\x64\debug\vc143.idb
c:\users\xrejg\desktop\moja gra\moja gra\x64\debug\player.obj
c:\users\xrejg\desktop\moja gra\moja gra\x64\debug\main.obj
c:\users\xrejg\desktop\moja gra\moja gra\x64\debug\game.obj
c:\users\xrejg\desktop\moja gra\moja gra\x64\debug\algorithsat.obj
c:\users\xrejg\desktop\moja gra\moja gra\x64\debug\ecs.obj
c:\users\23.knapik.j\desktop\moja gra\moja gra\x64\debug\vc143.pdb
c:\users\23.knapik.j\desktop\moja gra\moja gra\x64\debug\vc143.idb
c:\users\23.knapik.j\desktop\moja gra\moja gra\x64\debug\player.obj
c:\users\23.knapik.j\desktop\moja gra\moja gra\x64\debug\main.obj
c:\users\23.knapik.j\desktop\moja gra\moja gra\x64\debug\game.obj
c:\users\23.knapik.j\desktop\moja gra\moja gra\x64\debug\algorithsat.obj
c:\users\23.knapik.j\desktop\moja gra\moja gra\x64\debug\ecs.obj
c:\users\xrejg\desktop\moja gra\x64\debug\moja gra.exe
c:\users\xrejg\desktop\moja gra\x64\debug\moja gra.pdb
c:\users\xrejg\desktop\moja gra\moja gra\x64\debug\moja gra.ilk
c:\users\23.knapik.j\desktop\moja gra\x64\debug\moja gra.pdb
c:\users\23.knapik.j\desktop\moja gra\moja gra\x64\debug\moja gra.tlog\cl.command.1.tlog
c:\users\23.knapik.j\desktop\moja gra\moja gra\x64\debug\moja gra.tlog\cl.items.tlog
c:\users\23.knapik.j\desktop\moja gra\moja gra\x64\debug\moja gra.tlog\cl.read.1.tlog
c:\users\23.knapik.j\desktop\moja gra\moja gra\x64\debug\moja gra.tlog\cl.write.1.tlog
c:\users\23.knapik.j\desktop\moja gra\moja gra\x64\debug\moja gra.tlog\link-cvtres.read.1.tlog
c:\users\23.knapik.j\desktop\moja gra\moja gra\x64\debug\moja gra.tlog\link-cvtres.write.1.tlog
c:\users\23.knapik.j\desktop\moja gra\moja gra\x64\debug\moja gra.tlog\link-rc.read.1.tlog
c:\users\23.knapik.j\desktop\moja gra\moja gra\x64\debug\moja gra.tlog\link-rc.write.1.tlog
c:\users\23.knapik.j\desktop\moja gra\moja gra\x64\debug\moja gra.tlog\link.command.1.tlog
c:\users\23.knapik.j\desktop\moja gra\moja gra\x64\debug\moja gra.tlog\link.read.1.tlog
c:\users\23.knapik.j\desktop\moja gra\moja gra\x64\debug\moja gra.tlog\link.read.2.tlog
c:\users\23.knapik.j\desktop\moja gra\moja gra\x64\debug\moja gra.tlog\link.secondary.1.tlog
c:\users\23.knapik.j\desktop\moja gra\moja gra\x64\debug\moja gra.tlog\link.write.1.tlog
