  ECS.cpp
C:\Users\Xrejg\Desktop\moja gra\moja gra\Components.h(133,39): warning C4018: ">=": niezgodność typu ze znakiem/bez znaku
  (kompilowanie pliku źródłowego „ECS.cpp”)
  
C:\Users\Xrejg\Desktop\moja gra\moja gra\ECS.cpp(64,14): warning C4244: "inicjowanie": konwersja z "int" do "float", możliwa utrata danych
C:\Users\Xrejg\Desktop\moja gra\moja gra\ECS.cpp(65,14): warning C4244: "inicjowanie": konwersja z "int" do "float", możliwa utrata danych
C:\Users\Xrejg\Desktop\moja gra\moja gra\ECS.cpp(150,153): warning C4018: ">=": niezgodność typu ze znakiem/bez znaku
C:\Users\Xrejg\Desktop\moja gra\moja gra\ECS.cpp(420,19): warning C4244: "inicjowanie": konwersja z "double" do "float", możliwa utrata danych
C:\Users\Xrejg\Desktop\moja gra\moja gra\ECS.cpp(422,15): warning C4244: "inicjowanie": konwersja z "double" do "float", możliwa utrata danych
C:\Users\Xrejg\Desktop\moja gra\moja gra\ECS.cpp(423,15): warning C4244: "inicjowanie": konwersja z "double" do "float", możliwa utrata danych
C:\Users\Xrejg\Desktop\moja gra\moja gra\ECS.cpp(18,47): warning C4244: "argument": konwersja z "float" do "int", możliwa utrata danych
      C:\Users\Xrejg\Desktop\moja gra\moja gra\ECS.cpp(18,47):
      kontekst tworzenia wystąpienia szablonu (najpierw najstarszy) to
          C:\Users\Xrejg\Desktop\moja gra\moja gra\ECS.cpp(289,4):
          zobacz odwołanie do kompilowanego tworzenia wystąpienia „void handleCalculationOfAttacking<_Ty>(E &,float,float)” funkcji szablon
          with
          [
              _Ty=std::unique_ptr<Entity,std::default_delete<Entity>>,
              E=std::unique_ptr<Entity,std::default_delete<Entity>>
          ]
  
C:\Users\Xrejg\Desktop\moja gra\moja gra\ECS.cpp(17,47): warning C4244: "argument": konwersja z "float" do "int", możliwa utrata danych
C:\Users\Xrejg\Desktop\moja gra\moja gra\ECS.cpp(25,97): warning C4244: "argument": konwersja z "double" do "float", możliwa utrata danych
C:\Users\Xrejg\Desktop\moja gra\moja gra\ECS.cpp(32,60): warning C4244: "argument": konwersja z "int" do "float", możliwa utrata danych
C:\Users\Xrejg\Desktop\moja gra\moja gra\ECS.cpp(31,60): warning C4244: "argument": konwersja z "int" do "float", możliwa utrata danych
C:\Users\Xrejg\Desktop\moja gra\moja gra\ECS.cpp(37,60): warning C4244: "argument": konwersja z "int" do "float", możliwa utrata danych
C:\Users\Xrejg\Desktop\moja gra\moja gra\ECS.cpp(36,63): warning C4244: "argument": konwersja z "int" do "float", możliwa utrata danych
C:\Users\Xrejg\Desktop\moja gra\moja gra\ECS.cpp(42,63): warning C4244: "argument": konwersja z "int" do "float", możliwa utrata danych
C:\Users\Xrejg\Desktop\moja gra\moja gra\ECS.cpp(41,63): warning C4244: "argument": konwersja z "int" do "float", możliwa utrata danych
C:\Users\Xrejg\Desktop\moja gra\moja gra\ECS.cpp(47,63): warning C4244: "argument": konwersja z "int" do "float", możliwa utrata danych
C:\Users\Xrejg\Desktop\moja gra\moja gra\ECS.cpp(46,60): warning C4244: "argument": konwersja z "int" do "float", możliwa utrata danych
  moja gra.vcxproj -> C:\Users\Xrejg\Desktop\moja gra\x64\Debug\moja gra.exe
